<?xml version="1.0" encoding="UTF-8"?>
<!-- Generated by org.testng.reporters.JUnitXMLReporter -->
<testsuite ignored="0" hostname="Sharvesh-PC" failures="1" tests="14" name="FirefoxTest" time="110.288" errors="0" timestamp="31 Aug 2020 03:46:42 GMT">
  <testcase classname="tests.BillingOrderTests" name="RequiredFieldsTest" time="4.47">
    <failure type="org.openqa.selenium.interactions.MoveTargetOutOfBoundsException" message="(502, 661) is out of bounds of viewport width (1366) and height (654)
Build info: version: &amp;apos;3.141.59&amp;apos;, revision: &amp;apos;e82be7d358&amp;apos;, time: &amp;apos;2018-11-14T08:17:03&amp;apos;
System info: host: &amp;apos;SHARVESH-PC&amp;apos;, ip: &amp;apos;192.168.20.5&amp;apos;, os.name: &amp;apos;Windows 10&amp;apos;, os.arch: &amp;apos;amd64&amp;apos;, os.version: &amp;apos;10.0&amp;apos;, java.version: &amp;apos;14.0.2&amp;apos;
Driver info: org.openqa.selenium.firefox.FirefoxDriver
Capabilities {acceptInsecureCerts: true, browserName: firefox, browserVersion: 80.0, javascriptEnabled: true, moz:accessibilityChecks: false, moz:buildID: 20200818235255, moz:geckodriverVersion: 0.27.0, moz:headless: false, moz:processID: 8792, moz:profile: C:\Users\lavanya\AppData\Lo..., moz:shutdownTimeout: 60000, moz:useNonSpecCompliantPointerOrigin: false, moz:webdriverClick: true, pageLoadStrategy: normal, platform: WINDOWS, platformName: WINDOWS, platformVersion: 10.0, rotatable: false, setWindowRect: true, strictFileInteractability: false, timeouts: {implicit: 0, pageLoad: 300000, script: 30000}, unhandledPromptBehavior: dismiss and notify}
Session ID: de33ad21-05eb-46c8-9131-28cf7ae296e5">
      <![CDATA[org.openqa.selenium.interactions.MoveTargetOutOfBoundsException: (502, 661) is out of bounds of viewport width (1366) and height (654)
Build info: version: '3.141.59', revision: 'e82be7d358', time: '2018-11-14T08:17:03'
System info: host: 'SHARVESH-PC', ip: '192.168.20.5', os.name: 'Windows 10', os.arch: 'amd64', os.version: '10.0', java.version: '14.0.2'
Driver info: org.openqa.selenium.firefox.FirefoxDriver
Capabilities {acceptInsecureCerts: true, browserName: firefox, browserVersion: 80.0, javascriptEnabled: true, moz:accessibilityChecks: false, moz:buildID: 20200818235255, moz:geckodriverVersion: 0.27.0, moz:headless: false, moz:processID: 8792, moz:profile: C:\Users\lavanya\AppData\Lo..., moz:shutdownTimeout: 60000, moz:useNonSpecCompliantPointerOrigin: false, moz:webdriverClick: true, pageLoadStrategy: normal, platform: WINDOWS, platformName: WINDOWS, platformVersion: 10.0, rotatable: false, setWindowRect: true, strictFileInteractability: false, timeouts: {implicit: 0, pageLoad: 300000, script: 30000}, unhandledPromptBehavior: dismiss and notify}
Session ID: de33ad21-05eb-46c8-9131-28cf7ae296e5
	at org.openqa.selenium.remote.http.W3CHttpResponseCodec.createException(W3CHttpResponseCodec.java:187)
	at org.openqa.selenium.remote.http.W3CHttpResponseCodec.decode(W3CHttpResponseCodec.java:122)
	at org.openqa.selenium.remote.http.W3CHttpResponseCodec.decode(W3CHttpResponseCodec.java:49)
	at org.openqa.selenium.remote.HttpCommandExecutor.execute(HttpCommandExecutor.java:158)
	at org.openqa.selenium.remote.service.DriverCommandExecutor.execute(DriverCommandExecutor.java:83)
	at org.openqa.selenium.remote.RemoteWebDriver.execute(RemoteWebDriver.java:552)
	at org.openqa.selenium.remote.RemoteWebDriver.perform(RemoteWebDriver.java:618)
	at org.openqa.selenium.interactions.Actions$BuiltAction.perform(Actions.java:639)
	at org.openqa.selenium.interactions.Actions.perform(Actions.java:595)
	at extensions.WebElementExtensions.scrollToElement(WebElementExtensions.java:13)
	at pages.BillingOrderPage.isRequiredFieldsValidationErrorsDisplayed(BillingOrderPage.java:223)
	at tests.BillingOrderTests.RequiredFieldsTest(BillingOrderTests.java:71)
	at java.base/java.util.concurrent.ThreadPoolExecutor.runWorker(ThreadPoolExecutor.java:1130)
	at java.base/java.util.concurrent.ThreadPoolExecutor$Worker.run(ThreadPoolExecutor.java:630)
	at java.base/java.lang.Thread.run(Thread.java:832)
... Removed 15 stack frames]]>
    </failure>
  </testcase> <!-- RequiredFieldsTest -->
  <testcase classname="tests.BillingOrderTests" name="SubmitFormWithAllParametersTest" time="3.228"/>
  <testcase classname="tests.BillingOrderTests" name="SubmitFormWithAllParametersTest" time="3.025"/>
  <testcase classname="tests.BillingOrderTests" name="SubmitFormWithAllParametersTest" time="3.067"/>
  <testcase classname="tests.BillingOrderTests" name="SubmitFormWithAllParametersTest" time="3.099"/>
  <testcase classname="tests.BillingOrderTests" name="TotalAmountTest" time="0.875"/>
  <testcase classname="tests.TestBlankFormPageTests" name="CsvExampleTest" time="1.814"/>
  <testcase classname="tests.TestBlankFormPageTests" name="CsvExampleTest" time="1.59"/>
  <testcase classname="tests.TestBlankFormPageTests" name="CsvExampleTest" time="1.582"/>
  <testcase classname="tests.TestBlankFormPageTests" name="CsvExampleTest" time="1.647"/>
  <testcase classname="tests.TestBlankFormPageTests" name="SubmitFormWithAllParametersTest" time="1.446"/>
  <testcase classname="tests.TestBlankFormPageTests" name="SubmitFormWithAllParametersTest" time="1.691"/>
  <testcase classname="tests.TestBlankFormPageTests" name="SubmitFormWithAllParametersTest" time="1.781"/>
  <testcase classname="tests.TestBlankFormPageTests" name="SubmitFormWithAllParametersTest" time="1.856"/>
</testsuite> <!-- FirefoxTest -->
